<?xml version="1.0" encoding="UTF-8"?>
<testsuite xmlns:xsi="http://www.w3.org/2001/XMLSchema-instance" xsi:noNamespaceSchemaLocation="https://maven.apache.org/surefire/maven-surefire-plugin/xsd/surefire-test-report-3.0.xsd" version="3.0" name="org.tukorea.libcheckout.LibCheckoutApplicationTests" time="6.269" tests="3" errors="0" skipped="0" failures="0">
  <properties>
[...]
</properties>
  <testcase name="homePageLoads" classname="org.tukorea.libcheckout.LibCheckoutApplicationTests" time="0.613">
    <system-out><![CDATA[02:46:38.276 [main] INFO org.springframework.test.context.support.AnnotationConfigContextLoaderUtils -- Could not detect default configuration classes for test class [org.tukorea.libcheckout.LibCheckoutApplicationTests]: LibCheckoutApplicationTests does not declare any static, non-private, non-final, nested classes annotated with @Configuration.
02:46:38.353 [main] INFO org.springframework.boot.test.context.SpringBootTestContextBootstrapper -- Found @SpringBootConfiguration org.tukorea.libcheckout.LibCheckoutApplication for test class org.tukorea.libcheckout.LibCheckoutApplicationTests

  .   ____          _            __ _ _
 /\\ / ___'_ __ _ _(_)_ __  __ _ \ \ \ \
( ( )\___ | '_ | '_| | '_ \/ _` | \ \ \ \
 \\/  ___)| |_)| | | | | || (_| |  ) ) ) )
  '  |____| .__|_| |_|_| |_\__, | / / / /
 =========|_|==============|___/=/_/_/_/

 :: Spring Boot ::                (v3.3.5)

2026-05-18T02:46:38.646+09:00  INFO 21848 --- [library-checkout-service] [           main] o.t.l.LibCheckoutApplicationTests        : Starting LibCheckoutApplicationTests using Java 21.0.10 with PID 21848 (started by Pray in G:\sync\project\02 Univ\4-1\softwareEn\lib_checkout)
2026-05-18T02:46:38.647+09:00  INFO 21848 --- [library-checkout-service] [           main] o.t.l.LibCheckoutApplicationTests        : The following 1 profile is active: "test"
2026-05-18T02:46:39.406+09:00  INFO 21848 --- [library-checkout-service] [           main] .s.d.r.c.RepositoryConfigurationDelegate : Bootstrapping Spring Data JPA repositories in DEFAULT mode.
2026-05-18T02:46:39.459+09:00  INFO 21848 --- [library-checkout-service] [           main] .s.d.r.c.RepositoryConfigurationDelegate : Finished Spring Data repository scanning in 46 ms. Found 3 JPA repository interfaces.
2026-05-18T02:46:40.109+09:00  INFO 21848 --- [library-checkout-service] [           main] com.zaxxer.hikari.HikariDataSource       : HikariPool-1 - Starting...
2026-05-18T02:46:40.238+09:00  INFO 21848 --- [library-checkout-service] [           main] com.zaxxer.hikari.pool.HikariPool        : HikariPool-1 - Added connection conn0: url=jdbc:h2:mem:libcheckout-test user=SA
2026-05-18T02:46:40.239+09:00  INFO 21848 --- [library-checkout-service] [           main] com.zaxxer.hikari.HikariDataSource       : HikariPool-1 - Start completed.
2026-05-18T02:46:40.267+09:00  INFO 21848 --- [library-checkout-service] [           main] org.flywaydb.core.FlywayExecutor         : Database: jdbc:h2:mem:libcheckout-test (H2 2.2)
2026-05-18T02:46:40.271+09:00  WARN 21848 --- [library-checkout-service] [           main] o.f.c.internal.database.base.Database    : Flyway upgrade recommended: H2 2.2.224 is newer than this version of Flyway and support has not been tested. The latest supported version of H2 is 2.2.220.
2026-05-18T02:46:40.282+09:00  INFO 21848 --- [library-checkout-service] [           main] o.f.c.i.s.JdbcTableSchemaHistory         : Schema history table "PUBLIC"."flyway_schema_history" does not exist yet
2026-05-18T02:46:40.283+09:00  INFO 21848 --- [library-checkout-service] [           main] o.f.core.internal.command.DbValidate     : Successfully validated 1 migration (execution time 00:00.006s)
2026-05-18T02:46:40.286+09:00  INFO 21848 --- [library-checkout-service] [           main] o.f.c.i.s.JdbcTableSchemaHistory         : Creating Schema History table "PUBLIC"."flyway_schema_history" ...
2026-05-18T02:46:40.312+09:00  INFO 21848 --- [library-checkout-service] [           main] o.f.core.internal.command.DbMigrate      : Current version of schema "PUBLIC": << Empty Schema >>
2026-05-18T02:46:40.317+09:00  INFO 21848 --- [library-checkout-service] [           main] o.f.core.internal.command.DbMigrate      : Migrating schema "PUBLIC" to version "1 - init schema"
2026-05-18T02:46:40.340+09:00  INFO 21848 --- [library-checkout-service] [           main] o.f.core.internal.command.DbMigrate      : Successfully applied 1 migration to schema "PUBLIC", now at version v1 (execution time 00:00.014s)
2026-05-18T02:46:40.473+09:00  INFO 21848 --- [library-checkout-service] [           main] o.hibernate.jpa.internal.util.LogHelper  : HHH000204: Processing PersistenceUnitInfo [name: default]
2026-05-18T02:46:40.532+09:00  INFO 21848 --- [library-checkout-service] [           main] org.hibernate.Version                    : HHH000412: Hibernate ORM core version 6.5.3.Final
2026-05-18T02:46:40.550+09:00  INFO 21848 --- [library-checkout-service] [           main] o.h.c.internal.RegionFactoryInitiator    : HHH000026: Second-level cache disabled
2026-05-18T02:46:40.736+09:00  INFO 21848 --- [library-checkout-service] [           main] o.s.o.j.p.SpringPersistenceUnitInfo      : No LoadTimeWeaver setup: ignoring JPA class transformer
2026-05-18T02:46:41.298+09:00  INFO 21848 --- [library-checkout-service] [           main] o.h.e.t.j.p.i.JtaPlatformInitiator       : HHH000489: No JTA platform available (set 'hibernate.transaction.jta.platform' to enable JTA platform integration)
2026-05-18T02:46:41.310+09:00  INFO 21848 --- [library-checkout-service] [           main] j.LocalContainerEntityManagerFactoryBean : Initialized JPA EntityManagerFactory for persistence unit 'default'
2026-05-18T02:46:41.669+09:00  INFO 21848 --- [library-checkout-service] [           main] o.s.d.j.r.query.QueryEnhancerFactory     : Hibernate is in classpath; If applicable, HQL parser will be used.
2026-05-18T02:46:43.312+09:00  INFO 21848 --- [library-checkout-service] [           main] o.s.b.t.m.w.SpringBootMockServletContext : Initializing Spring TestDispatcherServlet ''
2026-05-18T02:46:43.312+09:00  INFO 21848 --- [library-checkout-service] [           main] o.s.t.web.servlet.TestDispatcherServlet  : Initializing Servlet ''
2026-05-18T02:46:43.323+09:00  INFO 21848 --- [library-checkout-service] [           main] o.s.b.a.e.web.EndpointLinksResolver      : Exposing 2 endpoints beneath base path '/actuator'
2026-05-18T02:46:43.341+09:00  INFO 21848 --- [library-checkout-service] [           main] o.s.t.web.servlet.TestDispatcherServlet  : Completed initialization in 27 ms
2026-05-18T02:46:43.448+09:00  INFO 21848 --- [library-checkout-service] [           main] o.t.l.LibCheckoutApplicationTests        : Started LibCheckoutApplicationTests in 4.993 seconds (process running for 5.612)
]]></system-out>
    <system-err><![CDATA[WARNING: A Java agent has been loaded dynamically (C:\Users\kyhy0\.m2\repository\net\bytebuddy\byte-buddy-agent\1.14.19\byte-buddy-agent-1.14.19.jar)
WARNING: If a serviceability tool is in use, please run with -XX:+EnableDynamicAgentLoading to hide this warning
WARNING: If a serviceability tool is not in use, please run with -Djdk.instrument.traceUsage for more information
WARNING: Dynamic loading of agents will be disallowed by default in a future release
]]></system-err>
  </testcase>
  <testcase name="createBookMemberAndLoanFlowWorks" classname="org.tukorea.libcheckout.LibCheckoutApplicationTests" time="0.286"/>
  <testcase name="memberPageLoadsDashboard" classname="org.tukorea.libcheckout.LibCheckoutApplicationTests" time="0.01"/>
</testsuite>