<?xml version="1.0" encoding="UTF-8"?>
<testsuite xmlns:xsi="http://www.w3.org/2001/XMLSchema-instance" xsi:noNamespaceSchemaLocation="https://maven.apache.org/surefire/maven-surefire-plugin/xsd/surefire-test-report-3.0.xsd" version="3.0" name="org.tukorea.servicemonitor.ServiceMonitorApplicationTests" time="7.909" tests="3" errors="0" skipped="0" failures="0">
  <properties>
[...]
</properties>
  <testcase name="dashboardLoads" classname="org.tukorea.servicemonitor.ServiceMonitorApplicationTests" time="0.91">
    <system-out><![CDATA[23:24:23.937 [main] INFO org.springframework.test.context.support.AnnotationConfigContextLoaderUtils -- Could not detect default configuration classes for test class [org.tukorea.servicemonitor.ServiceMonitorApplicationTests]: ServiceMonitorApplicationTests does not declare any static, non-private, non-final, nested classes annotated with @Configuration.
23:24:24.031 [main] INFO org.springframework.boot.test.context.SpringBootTestContextBootstrapper -- Found @SpringBootConfiguration org.tukorea.servicemonitor.ServiceMonitorApplication for test class org.tukorea.servicemonitor.ServiceMonitorApplicationTests

  .   ____          _            __ _ _
 /\\ / ___'_ __ _ _(_)_ __  __ _ \ \ \ \
( ( )\___ | '_ | '_| | '_ \/ _` | \ \ \ \
 \\/  ___)| |_)| | | | | || (_| |  ) ) ) )
  '  |____| .__|_| |_|_| |_\__, | / / / /
 =========|_|==============|___/=/_/_/_/

 :: Spring Boot ::                (v3.3.5)

2026-05-17T23:24:24.424+09:00  INFO 17180 --- [service-monitor] [           main] o.t.s.ServiceMonitorApplicationTests     : Starting ServiceMonitorApplicationTests using Java 21.0.10 with PID 17180 (started by Pray in G:\sync\project\02 Univ\4-1\softwareEn\service_monitor)
2026-05-17T23:24:24.424+09:00  INFO 17180 --- [service-monitor] [           main] o.t.s.ServiceMonitorApplicationTests     : The following 1 profile is active: "test"
2026-05-17T23:24:25.393+09:00  INFO 17180 --- [service-monitor] [           main] .s.d.r.c.RepositoryConfigurationDelegate : Bootstrapping Spring Data JPA repositories in DEFAULT mode.
2026-05-17T23:24:25.450+09:00  INFO 17180 --- [service-monitor] [           main] .s.d.r.c.RepositoryConfigurationDelegate : Finished Spring Data repository scanning in 51 ms. Found 2 JPA repository interfaces.
2026-05-17T23:24:26.407+09:00  INFO 17180 --- [service-monitor] [           main] com.zaxxer.hikari.HikariDataSource       : HikariPool-1 - Starting...
2026-05-17T23:24:26.616+09:00  INFO 17180 --- [service-monitor] [           main] com.zaxxer.hikari.pool.HikariPool        : HikariPool-1 - Added connection conn0: url=jdbc:h2:mem:service-monitor-test user=SA
2026-05-17T23:24:26.619+09:00  INFO 17180 --- [service-monitor] [           main] com.zaxxer.hikari.HikariDataSource       : HikariPool-1 - Start completed.
2026-05-17T23:24:26.704+09:00  INFO 17180 --- [service-monitor] [           main] org.flywaydb.core.FlywayExecutor         : Database: jdbc:h2:mem:service-monitor-test (H2 2.2)
2026-05-17T23:24:26.714+09:00  WARN 17180 --- [service-monitor] [           main] o.f.c.internal.database.base.Database    : Flyway upgrade recommended: H2 2.2.224 is newer than this version of Flyway and support has not been tested. The latest supported version of H2 is 2.2.220.
2026-05-17T23:24:26.751+09:00  INFO 17180 --- [service-monitor] [           main] o.f.c.i.s.JdbcTableSchemaHistory         : Schema history table "PUBLIC"."flyway_schema_history" does not exist yet
2026-05-17T23:24:26.755+09:00  INFO 17180 --- [service-monitor] [           main] o.f.core.internal.command.DbValidate     : Successfully validated 1 migration (execution time 00:00.019s)
2026-05-17T23:24:26.765+09:00  INFO 17180 --- [service-monitor] [           main] o.f.c.i.s.JdbcTableSchemaHistory         : Creating Schema History table "PUBLIC"."flyway_schema_history" ...
2026-05-17T23:24:26.806+09:00  INFO 17180 --- [service-monitor] [           main] o.f.core.internal.command.DbMigrate      : Current version of schema "PUBLIC": << Empty Schema >>
2026-05-17T23:24:26.816+09:00  INFO 17180 --- [service-monitor] [           main] o.f.core.internal.command.DbMigrate      : Migrating schema "PUBLIC" to version "1 - init schema"
2026-05-17T23:24:26.844+09:00  INFO 17180 --- [service-monitor] [           main] o.f.core.internal.command.DbMigrate      : Successfully applied 1 migration to schema "PUBLIC", now at version v1 (execution time 00:00.016s)
2026-05-17T23:24:27.125+09:00  INFO 17180 --- [service-monitor] [           main] o.hibernate.jpa.internal.util.LogHelper  : HHH000204: Processing PersistenceUnitInfo [name: default]
2026-05-17T23:24:27.293+09:00  INFO 17180 --- [service-monitor] [           main] org.hibernate.Version                    : HHH000412: Hibernate ORM core version 6.5.3.Final
2026-05-17T23:24:27.318+09:00  INFO 17180 --- [service-monitor] [           main] o.h.c.internal.RegionFactoryInitiator    : HHH000026: Second-level cache disabled
2026-05-17T23:24:27.557+09:00  INFO 17180 --- [service-monitor] [           main] o.s.o.j.p.SpringPersistenceUnitInfo      : No LoadTimeWeaver setup: ignoring JPA class transformer
2026-05-17T23:24:28.213+09:00  INFO 17180 --- [service-monitor] [           main] o.h.e.t.j.p.i.JtaPlatformInitiator       : HHH000489: No JTA platform available (set 'hibernate.transaction.jta.platform' to enable JTA platform integration)
2026-05-17T23:24:28.226+09:00  INFO 17180 --- [service-monitor] [           main] j.LocalContainerEntityManagerFactoryBean : Initialized JPA EntityManagerFactory for persistence unit 'default'
2026-05-17T23:24:30.420+09:00  INFO 17180 --- [service-monitor] [           main] o.s.b.t.m.w.SpringBootMockServletContext : Initializing Spring TestDispatcherServlet ''
2026-05-17T23:24:30.421+09:00  INFO 17180 --- [service-monitor] [           main] o.s.t.web.servlet.TestDispatcherServlet  : Initializing Servlet ''
2026-05-17T23:24:30.434+09:00  INFO 17180 --- [service-monitor] [           main] o.s.b.a.e.web.EndpointLinksResolver      : Exposing 2 endpoints beneath base path '/actuator'
2026-05-17T23:24:30.450+09:00  INFO 17180 --- [service-monitor] [           main] o.s.t.web.servlet.TestDispatcherServlet  : Completed initialization in 27 ms
2026-05-17T23:24:30.574+09:00  INFO 17180 --- [service-monitor] [           main] o.t.s.ServiceMonitorApplicationTests     : Started ServiceMonitorApplicationTests in 6.418 seconds (process running for 7.181)
]]></system-out>
    <system-err><![CDATA[WARNING: A Java agent has been loaded dynamically (C:\Users\kyhy0\.m2\repository\net\bytebuddy\byte-buddy-agent\1.14.19\byte-buddy-agent-1.14.19.jar)
WARNING: If a serviceability tool is in use, please run with -XX:+EnableDynamicAgentLoading to hide this warning
WARNING: If a serviceability tool is not in use, please run with -Djdk.instrument.traceUsage for more information
WARNING: Dynamic loading of agents will be disallowed by default in a future release
]]></system-err>
  </testcase>
  <testcase name="failureInjectionRedirectsBackToDashboardWhenDisabled" classname="org.tukorea.servicemonitor.ServiceMonitorApplicationTests" time="0.021">
    <system-out><![CDATA[2026-05-17T23:24:31.600+09:00  WARN 17180 --- [service-monitor] [           main] o.t.s.d.b.service.DockerControlService   : Failure injection failed target=LIBRARY_SERVICE command=RESTART reason=test verification message=Docker control is disabled in this profile.
]]></system-out>
  </testcase>
  <testcase name="healthSummaryIncludesLibraryAndPostgresTargets" classname="org.tukorea.servicemonitor.ServiceMonitorApplicationTests" time="0.09"/>
</testsuite>